#-----------------------------------------------------------
# PlanAhead v13.4
# Build 157570 by hdbuild on Fri Dec 16 12:55:36 MST 2011
# Start of session at: Tue Nov 08 10:17:14 2016
# Process ID: 2996
# Log file: C:/Users/comeng/Desktop/lab8/lab/planAhead_run_2/planAhead.log
# Journal file: C:/Users/comeng/Desktop/lab8/lab/planAhead_run_2/planAhead.jou
#-----------------------------------------------------------
INFO: [Common-78] Attempting to get a license: PlanAhead
INFO: [Common-82] Got a license: PlanAhead
INFO: [Common-86] Your PlanAhead license expires in -38 day(s)
INFO: [Device-25] Loading parts and site information from C:/Xilinx/13.4/ISE_DS/PlanAhead\parts\arch.xmlParsing RTL primitives file [C:/Xilinx/13.4/ISE_DS/PlanAhead\parts\xilinx\rtl\prims\rtl_prims.xml]
Finished parsing RTL primitives file [C:/Xilinx/13.4/ISE_DS/PlanAhead\parts\xilinx\rtl\prims\rtl_prims.xml]
start_gui
source C:/Users/comeng/Desktop/lab8/lab/pa.fromHdl.tcl
# create_project -name lab -dir "C:/Users/comeng/Desktop/lab8/lab/planAhead_run_2" -part xc3s200tq144-4
Parsing template File [C:/Xilinx/13.4/ISE_DS/ISE\data\projnav\templates\verilog.xml].
Finished parsing template File [C:/Xilinx/13.4/ISE_DS/ISE\data\projnav\templates\verilog.xml].
Parsing template File [C:/Xilinx/13.4/ISE_DS/ISE\data\projnav\templates\vhdl.xml].
Finished parsing template File [C:/Xilinx/13.4/ISE_DS/ISE\data\projnav\templates\vhdl.xml].
Parsing template File [C:/Xilinx/13.4/ISE_DS/ISE\data\projnav\templates\ucf.xml].
Finished parsing template File [C:/Xilinx/13.4/ISE_DS/ISE\data\projnav\templates\ucf.xml].
# set_param project.pinAheadLayout yes
# set srcset [get_property srcset [current_run -impl]]
# set_property target_constrs_file "music.ucf" [current_fileset -constrset]
Adding file 'C:\Users\comeng\Desktop\lab8\lab\music.ucf' to fileset 'constrs_1'
# set hdlfile [add_files [list {music.v}]]
# set_property file_type Verilog $hdlfile
# set_property library work $hdlfile
# set_property top music $srcset
# add_files [list {music.ucf}] -fileset [get_property constrset [current_run]]
# open_rtl_design -part xc3s200tq144-4
INFO: [PlanAhead-58] Using Verific elaboration
Parsing VHDL file "C:/Xilinx/13.4/ISE_DS/PlanAhead\parts\xilinx\rtl\lib\synplify\synattr.vhd" into library synplify
Analyzing Verilog file "C:\Users\comeng\Desktop\lab8\lab\music.v" into library work
INFO: [PlanAhead-430] Reading macro library C:/Xilinx/13.4/ISE_DS/PlanAhead\./parts/xilinx/spartan3/hd_int_macros.edn
Parsing EDIF File [C:/Xilinx/13.4/ISE_DS/PlanAhead\./parts/xilinx/spartan3/hd_int_macros.edn]
Finished Parsing EDIF File [C:/Xilinx/13.4/ISE_DS/PlanAhead\./parts/xilinx/spartan3/hd_int_macros.edn]
Loading clock regions from C:/Xilinx/13.4/ISE_DS/PlanAhead\parts/xilinx/spartan3/spartan3/xc3s200/ClockRegion.xml
Loading clock buffers from C:/Xilinx/13.4/ISE_DS/PlanAhead\parts/xilinx/spartan3/spartan3/xc3s200/ClockBuffers.xml
Loading package from C:/Xilinx/13.4/ISE_DS/PlanAhead\parts/xilinx/spartan3/spartan3/xc3s200/tq144/Package.xml
Loading io standards from C:/Xilinx/13.4/ISE_DS/PlanAhead\./parts/xilinx/spartan3/IOStandards.xml
INFO: [Device-19] Loading pkg sso from C:/Xilinx/13.4/ISE_DS/PlanAhead\parts/xilinx/spartan3/spartan3/xc3s200/tq144/SSORules.xml
Loading list of drcs for the architecture : C:/Xilinx/13.4/ISE_DS/PlanAhead\./parts/xilinx/spartan3/drc.xml
INFO: [Timing-77] Reading timing library C:/Xilinx/13.4/ISE_DS/PlanAhead\parts/xilinx/spartan3/spartan3/spartan3-4.lib.
INFO: [Timing-34] Done reading timing library C:/Xilinx/13.4/ISE_DS/PlanAhead\parts/xilinx/spartan3/spartan3/spartan3-4.lib.
Parsing UCF File [C:\Users\comeng\Desktop\lab8\lab\music.ucf]
Finished Parsing UCF File [C:\Users\comeng\Desktop\lab8\lab\music.ucf]
INFO: [PlanAhead-566] Unisim Transformation Summary:
No Unisim elements were transformed.startgroup
startgroup
set_property loc PAD25 [get_ports clk]
set_property loc PAD25 [get_ports clk]
endgroup
endgroup
startgroup
startgroup
set_property loc PAD50 [get_ports speaker]
set_property loc PAD50 [get_ports speaker]
endgroup
endgroup
set_property loc "" [get_ports [list  onoff]]
set_property loc "" [get_ports [list  onoff]]
startgroup
startgroup
set_property loc PAD25 [get_ports clk]
set_property loc PAD25 [get_ports clk]
endgroup
endgroup
startgroup
startgroup
set_property loc PAD164 [get_ports onoff]
set_property loc PAD164 [get_ports onoff]
endgroup
endgroup
startgroup
startgroup
set_property loc PAD165 [get_ports {note[0]}]
set_property loc PAD165 [get_ports {note[0]}]
endgroup
endgroup
startgroup
startgroup
set_property loc PAD166 [get_ports {note[1]}]
set_property loc PAD166 [get_ports {note[1]}]
endgroup
endgroup
startgroup
startgroup
set_property loc PAD171 [get_ports {note[2]}]
set_property loc PAD171 [get_ports {note[2]}]
endgroup
endgroup
startgroup
startgroup
set_property loc PAD172 [get_ports {note[3]}]
set_property loc PAD172 [get_ports {note[3]}]
endgroup
endgroup
startgroup
startgroup
set_property loc PAD173 [get_ports {note[4]}]
set_property loc PAD173 [get_ports {note[4]}]
endgroup
endgroup
startgroup
startgroup
set_property loc PAD174 [get_ports {note[5]}]
set_property loc PAD174 [get_ports {note[5]}]
endgroup
endgroup
startgroup
startgroup
set_property loc PAD179 [get_ports {note[6]}]
set_property loc PAD179 [get_ports {note[6]}]
endgroup
endgroup
save_design
exit
stop_gui
INFO: [PlanAhead-261] Exiting PlanAhead...
INFO: [Common-83] Releasing license: PlanAhead
