#-----------------------------------------------------------
# PlanAhead v13.4
# Build 157570 by hdbuild on Fri Dec 16 12:55:36 MST 2011
# Start of session at: Tue Oct 18 09:57:07 2016
# Process ID: 2980
# Log file: C:/Users/comeng/Desktop/lab5/lab5/planAhead_run_2/planAhead.log
# Journal file: C:/Users/comeng/Desktop/lab5/lab5/planAhead_run_2/planAhead.jou
#-----------------------------------------------------------
INFO: [Common-78] Attempting to get a license: PlanAhead
INFO: [Common-82] Got a license: PlanAhead
INFO: [Common-86] Your PlanAhead license expires in -17 day(s)
INFO: [Device-25] Loading parts and site information from C:/Xilinx/13.4/ISE_DS/PlanAhead\parts\arch.xmlParsing RTL primitives file [C:/Xilinx/13.4/ISE_DS/PlanAhead\parts\xilinx\rtl\prims\rtl_prims.xml]
Finished parsing RTL primitives file [C:/Xilinx/13.4/ISE_DS/PlanAhead\parts\xilinx\rtl\prims\rtl_prims.xml]
start_gui
source C:/Users/comeng/Desktop/lab5/lab5/pa.fromHdl.tcl
# create_project -name lab5 -dir "C:/Users/comeng/Desktop/lab5/lab5/planAhead_run_3" -part xc3s200tq144-4
ERROR: [Common-53] User Exception: Project already exists on disk, please use '-force' option to overwrite: 
     C:\Users\comeng\Desktop\lab5\lab5\planAhead_run_3\lab5.ppr
     C:\Users\comeng\Desktop\lab5\lab5\planAhead_run_3\lab5.data
exit
stop_gui
INFO: [PlanAhead-261] Exiting PlanAhead...
INFO: [Common-83] Releasing license: PlanAhead
