Release 13.4 - ngc2edif O.87xd (nt)
Copyright (c) 1995-2011 Xilinx, Inc.  All rights reserved.
Reading design adderpraw.ngc ...
WARNING:NetListWriters:298 - No output is written to adderpraw.xncf, ignored.
Processing design ...
   Preping design's networks ...
   Preping design's macros ...
  finished :Prep
Writing EDIF netlist file adderpraw.edif ...
ngc2edif: Total memory usage is 61176 kilobytes

Release 13.4 - ngc2edif O.87xd (nt)
Copyright (c) 1995-2011 Xilinx, Inc.  All rights reserved.
Reading design adderpraw.ngc ...
WARNING:NetListWriters:298 - No output is written to adderpraw.xncf, ignored.
Processing design ...
   Preping design's networks ...
   Preping design's macros ...
  finished :Prep
Writing EDIF netlist file adderpraw.edif ...
ngc2edif: Total memory usage is 60600 kilobytes

