Running: C:\Xilinx\13.4\ISE_DS\ISE\bin\nt\unwrapped\fuse.exe -intstyle ise -incremental -lib unisims_ver -lib unimacro_ver -lib xilinxcorelib_ver -o C:/Users/comeng/Desktop/lab5/lab5/tb_adder_isim_beh.exe -prj C:/Users/comeng/Desktop/lab5/lab5/tb_adder_beh.prj work.tb_adder work.glbl 
ISim O.87xd (signature 0x2f00eba5)
Number of CPUs detected in this system: 4
Turning on mult-threading, number of parallel sub-compilation jobs: 8 
Determining compilation order of HDL files
Analyzing Verilog file "C:/Users/comeng/Desktop/lab5/lab5/adder.v" into library work
Analyzing Verilog file "C:/Users/comeng/Desktop/lab5/lab5/tb_adder.v" into library work
Analyzing Verilog file "C:/Xilinx/13.4/ISE_DS/ISE//verilog/src/glbl.v" into library work
Starting static elaboration
Completed static elaboration
Fuse Memory Usage: 103764 KB
Fuse CPU Usage: 217 ms
Compiling module adder
Compiling module tb_adder
Compiling module glbl
Time Resolution for simulation is 1ps.
Waiting for 2 sub-compilation(s) to finish...
Compiled 3 Verilog Units
Built simulation executable C:/Users/comeng/Desktop/lab5/lab5/tb_adder_isim_beh.exe
Fuse Memory Usage: 108352 KB
Fuse CPU Usage: 217 ms
